[2022-10-05 17:21:53,500] multiqc                                            [DEBUG  ]  This is MultiQC v1.13
[2022-10-05 17:21:53,500] multiqc                                            [DEBUG  ]  Command used: /usr/local/bin/multiqc sub1_fastqc.zip sub2_fastqc.zip sub3_fastqc.zip sub4_fastqc.zip
[2022-10-05 17:21:53,873] multiqc                                            [DEBUG  ]  Latest MultiQC version is v1.13
[2022-10-05 17:21:53,873] multiqc                                            [DEBUG  ]  Working dir : /home/vkmelnik/hse22_hw1
[2022-10-05 17:21:53,873] multiqc                                            [DEBUG  ]  Template    : default
[2022-10-05 17:21:53,874] multiqc                                            [DEBUG  ]  Running Python 3.10.4 (main, Jun 29 2022, 12:14:53) [GCC 11.2.0]
[2022-10-05 17:21:53,875] multiqc                                            [DEBUG  ]  Analysing modules: custom_content, ccs, ngsderive, purple, conpair, lima, peddy, somalier, methylQA, mosdepth, phantompeakqualtools, qualimap, preseq, quast, qorts, rna_seqc, rockhopper, rsem, rseqc, busco, bustools, goleft_indexcov, gffcompare, disambiguate, supernova, deeptools, sargasso, verifybamid, mirtrace, happy, mirtop, sambamba, homer, hops, macs2, theta2, snpeff, gatk, htseq, bcftools, featureCounts, fgbio, dragen, dedup, pbmarkdup, damageprofiler, biobambam2, jcvi, mtnucratio, picard, vep, sentieon, prokka, qc3C, nanostat, samblaster, samtools, sexdeterrmine, eigenstratdatabasetools, bamtools, jellyfish, vcftools, longranger, stacks, varscan2, snippy, bbmap, bismark, biscuit, hicexplorer, hicup, hicpro, salmon, kallisto, slamdunk, star, hisat2, tophat, bowtie2, bowtie1, snpsplit, odgi, pangolin, kat, leehom, adapterRemoval, clipandmerge, cutadapt, flexbar, kaiju, kraken, malt, trimmomatic, sickle, skewer, sortmerna, biobloomtools, fastq_screen, afterqc, fastp, fastqc, pychopper, pycoqc, minionqc, multivcfanalyzer, clusterflow, checkqc, bcl2fastq, bclconvert, interop, ivar, flash, seqyclean, optitype, whatshap
[2022-10-05 17:21:53,875] multiqc                                            [DEBUG  ]  Using temporary directory for creating report: /tmp/tmppurowx1d
[2022-10-05 17:21:53,985] multiqc                                            [INFO   ]  Search path : /home/vkmelnik/hse22_hw1/sub1_fastqc.zip
[2022-10-05 17:21:53,985] multiqc                                            [INFO   ]  Search path : /home/vkmelnik/hse22_hw1/sub2_fastqc.zip
[2022-10-05 17:21:53,985] multiqc                                            [INFO   ]  Search path : /home/vkmelnik/hse22_hw1/sub3_fastqc.zip
[2022-10-05 17:21:53,985] multiqc                                            [INFO   ]  Search path : /home/vkmelnik/hse22_hw1/sub4_fastqc.zip
[2022-10-05 17:21:53,998] multiqc                                            [DEBUG  ]  Summary of files that were skipped by the search: []
[2022-10-05 17:21:54,195] multiqc.plots.bargraph                             [DEBUG  ]  Using matplotlib version 3.6.0
[2022-10-05 17:21:54,195] multiqc.plots.linegraph                            [DEBUG  ]  Using matplotlib version 3.6.0
[2022-10-05 17:21:54,196] multiqc                                            [DEBUG  ]  No samples found: custom_content
[2022-10-05 17:21:54,216] multiqc.modules.fastqc.fastqc                      [INFO   ]  Found 4 reports
[2022-10-05 17:21:54,258] multiqc                                            [INFO   ]  Compressing plot data
[2022-10-05 17:21:54,295] multiqc                                            [INFO   ]  Report      : multiqc_report.html
[2022-10-05 17:21:54,295] multiqc                                            [INFO   ]  Data        : multiqc_data
[2022-10-05 17:21:54,295] multiqc                                            [DEBUG  ]  Moving data file from '/tmp/tmppurowx1d/multiqc_data' to '/home/vkmelnik/hse22_hw1/multiqc_data'
[2022-10-05 17:21:54,343] multiqc                                            [INFO   ]  MultiQC complete
