[2022-10-05 17:29:36,167] multiqc                                            [DEBUG  ]  This is MultiQC v1.13
[2022-10-05 17:29:36,167] multiqc                                            [DEBUG  ]  Command used: /usr/local/bin/multiqc sub1.fq.trimmed_fastqc.zip sub2.fq.trimmed_fastqc.zip sub3.fq.int_trimmed_fastqc.zip sub4.fq.int_trimmed_fastqc.zip
[2022-10-05 17:29:36,532] multiqc                                            [DEBUG  ]  Latest MultiQC version is v1.13
[2022-10-05 17:29:36,532] multiqc                                            [DEBUG  ]  Working dir : /home/vkmelnik/hse22_hw1
[2022-10-05 17:29:36,533] multiqc                                            [DEBUG  ]  Template    : default
[2022-10-05 17:29:36,533] multiqc                                            [DEBUG  ]  Running Python 3.10.4 (main, Jun 29 2022, 12:14:53) [GCC 11.2.0]
[2022-10-05 17:29:36,533] multiqc                                            [DEBUG  ]  Analysing modules: custom_content, ccs, ngsderive, purple, conpair, lima, peddy, somalier, methylQA, mosdepth, phantompeakqualtools, qualimap, preseq, quast, qorts, rna_seqc, rockhopper, rsem, rseqc, busco, bustools, goleft_indexcov, gffcompare, disambiguate, supernova, deeptools, sargasso, verifybamid, mirtrace, happy, mirtop, sambamba, homer, hops, macs2, theta2, snpeff, gatk, htseq, bcftools, featureCounts, fgbio, dragen, dedup, pbmarkdup, damageprofiler, biobambam2, jcvi, mtnucratio, picard, vep, sentieon, prokka, qc3C, nanostat, samblaster, samtools, sexdeterrmine, eigenstratdatabasetools, bamtools, jellyfish, vcftools, longranger, stacks, varscan2, snippy, bbmap, bismark, biscuit, hicexplorer, hicup, hicpro, salmon, kallisto, slamdunk, star, hisat2, tophat, bowtie2, bowtie1, snpsplit, odgi, pangolin, kat, leehom, adapterRemoval, clipandmerge, cutadapt, flexbar, kaiju, kraken, malt, trimmomatic, sickle, skewer, sortmerna, biobloomtools, fastq_screen, afterqc, fastp, fastqc, pychopper, pycoqc, minionqc, multivcfanalyzer, clusterflow, checkqc, bcl2fastq, bclconvert, interop, ivar, flash, seqyclean, optitype, whatshap
[2022-10-05 17:29:36,533] multiqc                                            [DEBUG  ]  Using temporary directory for creating report: /tmp/tmpyjaykpib
[2022-10-05 17:29:36,602] multiqc                                            [INFO   ]  Search path : /home/vkmelnik/hse22_hw1/sub1.fq.trimmed_fastqc.zip
[2022-10-05 17:29:36,602] multiqc                                            [INFO   ]  Search path : /home/vkmelnik/hse22_hw1/sub2.fq.trimmed_fastqc.zip
[2022-10-05 17:29:36,602] multiqc                                            [INFO   ]  Search path : /home/vkmelnik/hse22_hw1/sub3.fq.int_trimmed_fastqc.zip
[2022-10-05 17:29:36,602] multiqc                                            [INFO   ]  Search path : /home/vkmelnik/hse22_hw1/sub4.fq.int_trimmed_fastqc.zip
[2022-10-05 17:29:36,615] multiqc                                            [DEBUG  ]  Summary of files that were skipped by the search: []
[2022-10-05 17:29:36,812] multiqc.plots.bargraph                             [DEBUG  ]  Using matplotlib version 3.6.0
[2022-10-05 17:29:36,812] multiqc.plots.linegraph                            [DEBUG  ]  Using matplotlib version 3.6.0
[2022-10-05 17:29:36,812] multiqc                                            [DEBUG  ]  No samples found: custom_content
[2022-10-05 17:29:36,832] multiqc.modules.fastqc.fastqc                      [INFO   ]  Found 4 reports
[2022-10-05 17:29:36,874] multiqc                                            [INFO   ]  Compressing plot data
[2022-10-05 17:29:36,915] multiqc                                            [WARNING]  Previous MultiQC output found! Adjusting filenames..
[2022-10-05 17:29:36,915] multiqc                                            [WARNING]  Use -f or --force to overwrite existing reports instead
[2022-10-05 17:29:36,915] multiqc                                            [INFO   ]  Report      : multiqc_report_1.html
[2022-10-05 17:29:36,915] multiqc                                            [INFO   ]  Data        : multiqc_data_1
[2022-10-05 17:29:36,915] multiqc                                            [DEBUG  ]  Moving data file from '/tmp/tmpyjaykpib/multiqc_data' to '/home/vkmelnik/hse22_hw1/multiqc_data_1'
[2022-10-05 17:29:36,983] multiqc                                            [INFO   ]  MultiQC complete
